<?xml version="1.0" encoding="UTF-8"?>
<testng-results ignored="0" total="1" passed="1" failed="0" skipped="0">
  <reporter-output>
  </reporter-output>
  <suite started-at="2021-10-24T13:36:47 IST" name="Suite" finished-at="2021-10-24T13:36:59 IST" duration-ms="12401">
    <groups>
    </groups>
    <test started-at="2021-10-24T13:36:47 IST" name="Chrome" finished-at="2021-10-24T13:36:59 IST" duration-ms="12401">
      <class name="crossBrowsing.crossbrowsingTest">
        <test-method is-config="true" signature="setup(java.lang.String)[pri:0, instance:crossBrowsing.crossbrowsingTest@3059cbc]" started-at="2021-10-24T13:36:47 IST" name="setup" finished-at="2021-10-24T13:36:52 IST" duration-ms="4943" status="PASS">
          <params>
            <param index="0">
              <value>
                <![CDATA[chrome]]>
              </value>
            </param>
          </params>
          <reporter-output>
          </reporter-output>
        </test-method> <!-- setup -->
        <test-method signature="search()[pri:0, instance:crossBrowsing.crossbrowsingTest@3059cbc]" started-at="2021-10-24T13:36:52 IST" name="search" finished-at="2021-10-24T13:36:59 IST" duration-ms="6594" status="PASS">
          <reporter-output>
          </reporter-output>
        </test-method> <!-- search -->
        <test-method is-config="true" signature="tearDown()[pri:0, instance:crossBrowsing.crossbrowsingTest@3059cbc]" started-at="2021-10-24T13:36:59 IST" name="tearDown" finished-at="2021-10-24T13:36:59 IST" duration-ms="789" status="PASS">
          <reporter-output>
          </reporter-output>
        </test-method> <!-- tearDown -->
      </class> <!-- crossBrowsing.crossbrowsingTest -->
    </test> <!-- Chrome -->
  </suite> <!-- Suite -->
</testng-results>
